# JRE version: OpenJDK Runtime Environment (21.0.6) (build 21.0.6+-13368085-b895.109)
# Java VM: OpenJDK 64-Bit Server VM (21.0.6+-13368085-b895.109, mixed mode, tiered, compressed oops, compressed class ptrs, g1 gc, windows-amd64)
GC Precious Log:
 CardTable entry size: 512
 Card Set container configuration: InlinePtr #cards 5 size 8 Array Of Cards #cards 12 size 40 Howl #buckets 4 coarsen threshold 1843 Howl Bitmap #cards 512 size 80 coarsen threshold 460 Card regions per heap region 1 cards per card region 2048
 CPUs: 4 total, 4 available
 Memory: 3790M
 Large Page Support: Disabled
 NUMA Support: Disabled
 Compressed Oops: Enabled (32-bit)
 Heap Region Size: 1M
 Heap Min Capacity: 8M
 Heap Initial Capacity: 60M
 Heap Max Capacity: 2G
 Pre-touch: Disabled
 Parallel Workers: 4
 Concurrent Workers: 1
 Concurrent Refinement Workers: 4
 Periodic GC: Disabled
Heap:
 garbage-first heap   total 525312K, used 267046K [0x0000000080000000, 0x0000000100000000)
  region size 1024K, 7 young (7168K), 7 survivors (7168K)
 Metaspace       used 207172K, committed 210240K, reserved 1245184K
  class space    used 26330K, committed 27904K, reserved 1048576K
GC Heap History (20 events):
Event: 1661.553 GC heap after
{Heap after GC invocations=82 (full 0):
 garbage-first heap   total 525312K, used 244668K [0x0000000080000000, 0x0000000100000000)
  region size 1024K, 2 young (2048K), 2 survivors (2048K)
 Metaspace       used 184762K, committed 187712K, reserved 1245184K
  class space    used 24037K, committed 25536K, reserved 1048576K
}
Event: 1662.021 GC heap before
{Heap before GC invocations=82 (full 0):
 garbage-first heap   total 525312K, used 253884K [0x0000000080000000, 0x0000000100000000)
  region size 1024K, 12 young (12288K), 2 survivors (2048K)
 Metaspace       used 185401K, committed 188352K, reserved 1245184K
  class space    used 24105K, committed 25600K, reserved 1048576K
}
Event: 1662.071 GC heap after
{Heap after GC invocations=83 (full 0):
 garbage-first heap   total 525312K, used 246220K [0x0000000080000000, 0x0000000100000000)
  region size 1024K, 3 young (3072K), 3 survivors (3072K)
 Metaspace       used 185401K, committed 188352K, reserved 1245184K
  class space    used 24105K, committed 25600K, reserved 1048576K
}
Event: 1662.646 GC heap before
{Heap before GC invocations=83 (full 0):
 garbage-first heap   total 525312K, used 268748K [0x0000000080000000, 0x0000000100000000)
  region size 1024K, 25 young (25600K), 3 survivors (3072K)
 Metaspace       used 185546K, committed 188544K, reserved 1245184K
  class space    used 24105K, committed 25600K, reserved 1048576K
}
Event: 1662.656 GC heap after
{Heap after GC invocations=84 (full 0):
 garbage-first heap   total 525312K, used 247465K [0x0000000080000000, 0x0000000100000000)
  region size 1024K, 3 young (3072K), 3 survivors (3072K)
 Metaspace       used 185546K, committed 188544K, reserved 1245184K
  class space    used 24105K, committed 25600K, reserved 1048576K
}
Event: 1665.993 GC heap before
{Heap before GC invocations=84 (full 0):
 garbage-first heap   total 525312K, used 268969K [0x0000000080000000, 0x0000000100000000)
  region size 1024K, 25 young (25600K), 3 survivors (3072K)
 Metaspace       used 185961K, committed 188928K, reserved 1245184K
  class space    used 24161K, committed 25664K, reserved 1048576K
}
Event: 1666.024 GC heap after
{Heap after GC invocations=85 (full 0):
 garbage-first heap   total 525312K, used 248231K [0x0000000080000000, 0x0000000100000000)
  region size 1024K, 3 young (3072K), 3 survivors (3072K)
 Metaspace       used 185961K, committed 188928K, reserved 1245184K
  class space    used 24161K, committed 25664K, reserved 1048576K
}
Event: 1712.922 GC heap before
{Heap before GC invocations=86 (full 0):
 garbage-first heap   total 525312K, used 269735K [0x0000000080000000, 0x0000000100000000)
  region size 1024K, 25 young (25600K), 3 survivors (3072K)
 Metaspace       used 188707K, committed 191680K, reserved 1245184K
  class space    used 24491K, committed 25984K, reserved 1048576K
}
Event: 1713.254 GC heap after
{Heap after GC invocations=87 (full 0):
 garbage-first heap   total 525312K, used 249338K [0x0000000080000000, 0x0000000100000000)
  region size 1024K, 3 young (3072K), 3 survivors (3072K)
 Metaspace       used 188707K, committed 191680K, reserved 1245184K
  class space    used 24491K, committed 25984K, reserved 1048576K
}
Event: 1779.105 GC heap before
{Heap before GC invocations=87 (full 0):
 garbage-first heap   total 525312K, used 373242K [0x0000000080000000, 0x0000000100000000)
  region size 1024K, 125 young (128000K), 3 survivors (3072K)
 Metaspace       used 206469K, committed 209408K, reserved 1245184K
  class space    used 26282K, committed 27776K, reserved 1048576K
}
Event: 1780.158 GC heap after
{Heap after GC invocations=88 (full 0):
 garbage-first heap   total 525312K, used 253763K [0x0000000080000000, 0x0000000100000000)
  region size 1024K, 9 young (9216K), 9 survivors (9216K)
 Metaspace       used 206469K, committed 209408K, reserved 1245184K
  class space    used 26282K, committed 27776K, reserved 1048576K
}
Event: 1847.472 GC heap before
{Heap before GC invocations=88 (full 0):
 garbage-first heap   total 525312K, used 270147K [0x0000000080000000, 0x0000000100000000)
  region size 1024K, 25 young (25600K), 9 survivors (9216K)
 Metaspace       used 206622K, committed 209728K, reserved 1245184K
  class space    used 26298K, committed 27904K, reserved 1048576K
}
Event: 1847.763 GC heap after
{Heap after GC invocations=89 (full 0):
 garbage-first heap   total 525312K, used 254843K [0x0000000080000000, 0x0000000100000000)
  region size 1024K, 3 young (3072K), 3 survivors (3072K)
 Metaspace       used 206622K, committed 209728K, reserved 1245184K
  class space    used 26298K, committed 27904K, reserved 1048576K
}
Event: 1851.572 GC heap before
{Heap before GC invocations=89 (full 0):
 garbage-first heap   total 525312K, used 278395K [0x0000000080000000, 0x0000000100000000)
  region size 1024K, 25 young (25600K), 3 survivors (3072K)
 Metaspace       used 206775K, committed 209856K, reserved 1245184K
  class space    used 26312K, committed 27904K, reserved 1048576K
}
Event: 1851.652 GC heap after
{Heap after GC invocations=90 (full 0):
 garbage-first heap   total 525312K, used 255989K [0x0000000080000000, 0x0000000100000000)
  region size 1024K, 4 young (4096K), 4 survivors (4096K)
 Metaspace       used 206775K, committed 209856K, reserved 1245184K
  class space    used 26312K, committed 27904K, reserved 1048576K
}
Event: 1853.214 GC heap before
{Heap before GC invocations=90 (full 0):
 garbage-first heap   total 525312K, used 278517K [0x0000000080000000, 0x0000000100000000)
  region size 1024K, 25 young (25600K), 4 survivors (4096K)
 Metaspace       used 206926K, committed 210048K, reserved 1245184K
  class space    used 26320K, committed 27904K, reserved 1048576K
}
Event: 1853.263 GC heap after
{Heap after GC invocations=91 (full 0):
 garbage-first heap   total 525312K, used 260662K [0x0000000080000000, 0x0000000100000000)
  region size 1024K, 4 young (4096K), 4 survivors (4096K)
 Metaspace       used 206926K, committed 210048K, reserved 1245184K
  class space    used 26320K, committed 27904K, reserved 1048576K
}
Event: 1853.770 GC heap before
{Heap before GC invocations=91 (full 0):
 garbage-first heap   total 525312K, used 282166K [0x0000000080000000, 0x0000000100000000)
  region size 1024K, 25 young (25600K), 4 survivors (4096K)
 Metaspace       used 206995K, committed 210112K, reserved 1245184K
  class space    used 26324K, committed 27904K, reserved 1048576K
}
Event: 1853.821 GC heap after
{Heap after GC invocations=92 (full 0):
 garbage-first heap   total 525312K, used 261490K [0x0000000080000000, 0x0000000100000000)
  region size 1024K, 2 young (2048K), 2 survivors (2048K)
 Metaspace       used 206995K, committed 210112K, reserved 1245184K
  class space    used 26324K, committed 27904K, reserved 1048576K
}
Event: 1856.176 GC heap before
{Heap before GC invocations=92 (full 0):
 garbage-first heap   total 525312K, used 316786K [0x0000000080000000, 0x0000000100000000)
  region size 1024K, 56 young (57344K), 2 survivors (2048K)
 Metaspace       used 207172K, committed 210240K, reserved 1245184K
  class space    used 26330K, committed 27904K, reserved 1048576K
}

